-------------------------------------------------------------------------------
Test set: com.ais.sajangnimniceshot.SajangnimniceshotApplicationTests
-------------------------------------------------------------------------------
Tests run: 1, Failures: 0, Errors: 1, Skipped: 0, Time elapsed: 3.568 s <<< FAILURE! - in com.ais.sajangnimniceshot.SajangnimniceshotApplicationTests
contextLoads  Time elapsed: 0.017 s  <<< ERROR!
java.lang.IllegalStateException: Failed to load ApplicationContext
Caused by: org.springframework.beans.factory.BeanCreationException: Error creating bean with name 'sqlSessionFactory' defined in class path resource [org/mybatis/spring/boot/autoconfigure/MybatisAutoConfiguration.class]: Bean instantiation via factory method failed; nested exception is org.springframework.beans.BeanInstantiationException: Failed to instantiate [org.apache.ibatis.session.SqlSessionFactory]: Factory method 'sqlSessionFactory' threw exception; nested exception is org.springframework.core.NestedIOException: Failed to parse mapping resource: 'file [C:\workspace\ais\sajangnimniceshot\target\classes\mappers\KDBMapper.xml]'; nested exception is org.apache.ibatis.builder.BuilderException: Error parsing Mapper XML. The XML location is 'file [C:\workspace\ais\sajangnimniceshot\target\classes\mappers\KDBMapper.xml]'. Cause: org.apache.ibatis.builder.BuilderException: Error resolving class. Cause: org.apache.ibatis.type.TypeException: Could not resolve type alias 'MemberBean'.  Cause: java.lang.ClassNotFoundException: Cannot find class: MemberBean
Caused by: org.springframework.beans.BeanInstantiationException: Failed to instantiate [org.apache.ibatis.session.SqlSessionFactory]: Factory method 'sqlSessionFactory' threw exception; nested exception is org.springframework.core.NestedIOException: Failed to parse mapping resource: 'file [C:\workspace\ais\sajangnimniceshot\target\classes\mappers\KDBMapper.xml]'; nested exception is org.apache.ibatis.builder.BuilderException: Error parsing Mapper XML. The XML location is 'file [C:\workspace\ais\sajangnimniceshot\target\classes\mappers\KDBMapper.xml]'. Cause: org.apache.ibatis.builder.BuilderException: Error resolving class. Cause: org.apache.ibatis.type.TypeException: Could not resolve type alias 'MemberBean'.  Cause: java.lang.ClassNotFoundException: Cannot find class: MemberBean
Caused by: org.springframework.core.NestedIOException: Failed to parse mapping resource: 'file [C:\workspace\ais\sajangnimniceshot\target\classes\mappers\KDBMapper.xml]'; nested exception is org.apache.ibatis.builder.BuilderException: Error parsing Mapper XML. The XML location is 'file [C:\workspace\ais\sajangnimniceshot\target\classes\mappers\KDBMapper.xml]'. Cause: org.apache.ibatis.builder.BuilderException: Error resolving class. Cause: org.apache.ibatis.type.TypeException: Could not resolve type alias 'MemberBean'.  Cause: java.lang.ClassNotFoundException: Cannot find class: MemberBean
Caused by: org.apache.ibatis.builder.BuilderException: Error parsing Mapper XML. The XML location is 'file [C:\workspace\ais\sajangnimniceshot\target\classes\mappers\KDBMapper.xml]'. Cause: org.apache.ibatis.builder.BuilderException: Error resolving class. Cause: org.apache.ibatis.type.TypeException: Could not resolve type alias 'MemberBean'.  Cause: java.lang.ClassNotFoundException: Cannot find class: MemberBean
Caused by: org.apache.ibatis.builder.BuilderException: Error resolving class. Cause: org.apache.ibatis.type.TypeException: Could not resolve type alias 'MemberBean'.  Cause: java.lang.ClassNotFoundException: Cannot find class: MemberBean
Caused by: org.apache.ibatis.type.TypeException: Could not resolve type alias 'MemberBean'.  Cause: java.lang.ClassNotFoundException: Cannot find class: MemberBean
Caused by: java.lang.ClassNotFoundException: Cannot find class: MemberBean

